<?xml version="1.0" encoding="UTF-8"?>
<!-- Generated by org.testng.reporters.JUnitXMLReporter -->
<testsuite ignored="0" hostname="LAPTOP-SK9O6PC6" failures="0" tests="6" name="Default test" time="17.531" errors="0" timestamp="2023-01-12T16:28:29 IST">
  <testcase classname="api.test.DataDrivenTest" name="testPostUser" time="4.888"/>
  <testcase classname="api.test.DataDrivenTest" name="testPostUser" time="2.169"/>
  <testcase classname="api.test.DataDrivenTest" name="testPostUser" time="2.235"/>
  <testcase classname="api.test.DataDrivenTest" name="testDeleteUser" time="2.029"/>
  <testcase classname="api.test.DataDrivenTest" name="testDeleteUser" time="1.554"/>
  <testcase classname="api.test.DataDrivenTest" name="testDeleteUser" time="2.603"/>
</testsuite> <!-- Default test -->
