<?xml version="1.0" encoding="UTF-8"?>
<!-- Generated by org.testng.reporters.JUnitXMLReporter -->
<testsuite ignored="0" hostname="LAPTOP-SK9O6PC6" failures="0" tests="10" name="PetStoreTest" time="42.119" errors="0" timestamp="2023-01-16T18:00:32 IST">
  <testcase classname="api.test.DataDrivenTest" name="testPostUser" time="7.137"/>
  <testcase classname="api.test.DataDrivenTest" name="testPostUser" time="4.106"/>
  <testcase classname="api.test.DataDrivenTest" name="testPostUser" time="3.31"/>
  <testcase classname="api.test.DataDrivenTest" name="testDeleteUser" time="5.087"/>
  <testcase classname="api.test.DataDrivenTest" name="testDeleteUser" time="3.063"/>
  <testcase classname="api.test.DataDrivenTest" name="testDeleteUser" time="4.713"/>
  <testcase classname="api.test.UserTests" name="testPostUser" time="3.139"/>
  <testcase classname="api.test.UserTests" name="testGetUserByName" time="2.218"/>
  <testcase classname="api.test.UserTests" name="testDeleteUser" time="1.915"/>
  <testcase classname="api.test.UserTests" name="testUpdateUser" time="3.845"/>
</testsuite> <!-- PetStoreTest -->
